# JRE version: OpenJDK Runtime Environment Temurin-21.0.3+9 (21.0.3+9) (build 21.0.3+9-LTS)
# Java VM: OpenJDK 64-Bit Server VM Temurin-21.0.3+9 (21.0.3+9-LTS, mixed mode, emulated-client, tiered, compressed oops, compressed class ptrs, g1 gc, windows-amd64)
GC Precious Log:
 CardTable entry size: 512
 Card Set container configuration: InlinePtr #cards 4 size 8 Array Of Cards #cards 16 size 48 Howl #buckets 8 coarsen threshold 3686 Howl Bitmap #cards 512 size 80 coarsen threshold 460 Card regions per heap region 1 cards per card region 4096
 CPUs: 12 total, 12 available
 Memory: 15755M
 Large Page Support: Disabled
 NUMA Support: Disabled
 Compressed Oops: Enabled (Zero based)
 Heap Region Size: 2M
 Heap Min Capacity: 8M
 Heap Initial Capacity: 248M
 Heap Max Capacity: 3940M
 Pre-touch: Disabled
 Parallel Workers: 10
 Concurrent Workers: 3
 Concurrent Refinement Workers: 10
 Periodic GC: Disabled
Heap:
 garbage-first heap   total 92160K, used 73514K [0x0000000709c00000, 0x0000000800000000)
  region size 2048K, 27 young (55296K), 3 survivors (6144K)
 Metaspace       used 67589K, committed 68352K, reserved 1114112K
  class space    used 8284K, committed 8640K, reserved 1048576K
GC Heap History (20 events):
Event: 11687.317 GC heap after
{Heap after GC invocations=71 (full 7):
 garbage-first heap   total 75776K, used 25820K [0x0000000709c00000, 0x0000000800000000)
  region size 2048K, 2 young (4096K), 2 survivors (4096K)
 Metaspace       used 65994K, committed 66688K, reserved 1114112K
  class space    used 8119K, committed 8448K, reserved 1048576K
}
Event: 11687.697 GC heap before
{Heap before GC invocations=72 (full 7):
 garbage-first heap   total 75776K, used 60636K [0x0000000709c00000, 0x0000000800000000)
  region size 2048K, 20 young (40960K), 2 survivors (4096K)
 Metaspace       used 66118K, committed 66816K, reserved 1114112K
  class space    used 8135K, committed 8448K, reserved 1048576K
}
Event: 11687.700 GC heap after
{Heap after GC invocations=73 (full 7):
 garbage-first heap   total 92160K, used 27747K [0x0000000709c00000, 0x0000000800000000)
  region size 2048K, 3 young (6144K), 3 survivors (6144K)
 Metaspace       used 66118K, committed 66816K, reserved 1114112K
  class space    used 8135K, committed 8448K, reserved 1048576K
}
Event: 11738.245 GC heap before
{Heap before GC invocations=73 (full 7):
 garbage-first heap   total 92160K, used 74851K [0x0000000709c00000, 0x0000000800000000)
  region size 2048K, 27 young (55296K), 3 survivors (6144K)
 Metaspace       used 66293K, committed 66944K, reserved 1114112K
  class space    used 8150K, committed 8448K, reserved 1048576K
}
Event: 11738.248 GC heap after
{Heap after GC invocations=74 (full 7):
 garbage-first heap   total 92160K, used 24466K [0x0000000709c00000, 0x0000000800000000)
  region size 2048K, 2 young (4096K), 2 survivors (4096K)
 Metaspace       used 66293K, committed 66944K, reserved 1114112K
  class space    used 8150K, committed 8448K, reserved 1048576K
}
Event: 11738.585 GC heap before
{Heap before GC invocations=74 (full 7):
 garbage-first heap   total 92160K, used 73618K [0x0000000709c00000, 0x0000000800000000)
  region size 2048K, 27 young (55296K), 2 survivors (4096K)
 Metaspace       used 66485K, committed 67200K, reserved 1114112K
  class space    used 8176K, committed 8512K, reserved 1048576K
}
Event: 11738.587 GC heap after
{Heap after GC invocations=75 (full 7):
 garbage-first heap   total 92160K, used 26429K [0x0000000709c00000, 0x0000000800000000)
  region size 2048K, 3 young (6144K), 3 survivors (6144K)
 Metaspace       used 66485K, committed 67200K, reserved 1114112K
  class space    used 8176K, committed 8512K, reserved 1048576K
}
Event: 11747.559 GC heap before
{Heap before GC invocations=76 (full 7):
 garbage-first heap   total 92160K, used 73533K [0x0000000709c00000, 0x0000000800000000)
  region size 2048K, 27 young (55296K), 3 survivors (6144K)
 Metaspace       used 66710K, committed 67392K, reserved 1114112K
  class space    used 8199K, committed 8512K, reserved 1048576K
}
Event: 11747.561 GC heap after
{Heap after GC invocations=77 (full 7):
 garbage-first heap   total 92160K, used 26121K [0x0000000709c00000, 0x0000000800000000)
  region size 2048K, 2 young (4096K), 2 survivors (4096K)
 Metaspace       used 66710K, committed 67392K, reserved 1114112K
  class space    used 8199K, committed 8512K, reserved 1048576K
}
Event: 11760.402 GC heap before
{Heap before GC invocations=77 (full 7):
 garbage-first heap   total 92160K, used 75273K [0x0000000709c00000, 0x0000000800000000)
  region size 2048K, 27 young (55296K), 2 survivors (4096K)
 Metaspace       used 66912K, committed 67584K, reserved 1114112K
  class space    used 8213K, committed 8512K, reserved 1048576K
}
Event: 11760.404 GC heap after
{Heap after GC invocations=78 (full 7):
 garbage-first heap   total 92160K, used 22582K [0x0000000709c00000, 0x0000000800000000)
  region size 2048K, 1 young (2048K), 1 survivors (2048K)
 Metaspace       used 66912K, committed 67584K, reserved 1114112K
  class space    used 8213K, committed 8512K, reserved 1048576K
}
Event: 11760.890 GC heap before
{Heap before GC invocations=78 (full 7):
 garbage-first heap   total 92160K, used 73782K [0x0000000709c00000, 0x0000000800000000)
  region size 2048K, 27 young (55296K), 1 survivors (2048K)
 Metaspace       used 67107K, committed 67840K, reserved 1114112K
  class space    used 8239K, committed 8576K, reserved 1048576K
}
Event: 11760.894 GC heap after
{Heap after GC invocations=79 (full 7):
 garbage-first heap   total 92160K, used 25275K [0x0000000709c00000, 0x0000000800000000)
  region size 2048K, 3 young (6144K), 3 survivors (6144K)
 Metaspace       used 67107K, committed 67840K, reserved 1114112K
  class space    used 8239K, committed 8576K, reserved 1048576K
}
Event: 11830.891 GC heap before
{Heap before GC invocations=80 (full 7):
 garbage-first heap   total 92160K, used 72379K [0x0000000709c00000, 0x0000000800000000)
  region size 2048K, 27 young (55296K), 3 survivors (6144K)
 Metaspace       used 67260K, committed 67968K, reserved 1114112K
  class space    used 8250K, committed 8576K, reserved 1048576K
}
Event: 11830.894 GC heap after
{Heap after GC invocations=81 (full 7):
 garbage-first heap   total 92160K, used 24385K [0x0000000709c00000, 0x0000000800000000)
  region size 2048K, 2 young (4096K), 2 survivors (4096K)
 Metaspace       used 67260K, committed 67968K, reserved 1114112K
  class space    used 8250K, committed 8576K, reserved 1048576K
}
Event: 11891.194 GC heap before
{Heap before GC invocations=81 (full 7):
 garbage-first heap   total 92160K, used 75585K [0x0000000709c00000, 0x0000000800000000)
  region size 2048K, 27 young (55296K), 2 survivors (4096K)
 Metaspace       used 67370K, committed 68032K, reserved 1114112K
  class space    used 8268K, committed 8576K, reserved 1048576K
}
Event: 11891.197 GC heap after
{Heap after GC invocations=82 (full 7):
 garbage-first heap   total 92160K, used 23338K [0x0000000709c00000, 0x0000000800000000)
  region size 2048K, 2 young (4096K), 2 survivors (4096K)
 Metaspace       used 67370K, committed 68032K, reserved 1114112K
  class space    used 8268K, committed 8576K, reserved 1048576K
}
Event: 11893.063 GC heap before
{Heap before GC invocations=82 (full 7):
 garbage-first heap   total 92160K, used 72490K [0x0000000709c00000, 0x0000000800000000)
  region size 2048K, 27 young (55296K), 2 survivors (4096K)
 Metaspace       used 67604K, committed 68352K, reserved 1114112K
  class space    used 8286K, committed 8640K, reserved 1048576K
}
Event: 11893.066 GC heap after
{Heap after GC invocations=83 (full 7):
 garbage-first heap   total 92160K, used 24362K [0x0000000709c00000, 0x0000000800000000)
  region size 2048K, 3 young (6144K), 3 survivors (6144K)
 Metaspace       used 67604K, committed 68352K, reserved 1114112K
  class space    used 8286K, committed 8640K, reserved 1048576K
}
Event: 11996.749 GC heap before
{Heap before GC invocations=84 (full 7):
 garbage-first heap   total 92160K, used 73514K [0x0000000709c00000, 0x0000000800000000)
  region size 2048K, 27 young (55296K), 3 survivors (6144K)
 Metaspace       used 67589K, committed 68352K, reserved 1114112K
  class space    used 8284K, committed 8640K, reserved 1048576K
}

